Picked up JAVA_TOOL_OPTIONS: -Xmx1879m
Spark Command: /home/gitpod/.sdkman/candidates/java/current/bin/java -cp /workspace/automl/Spark/spark-3.0.1-bin-hadoop2.7/conf/:/workspace/automl/Spark/spark-3.0.1-bin-hadoop2.7/jars/* -Xmx1g org.apache.spark.deploy.worker.Worker --webui-port 8081 spark://ws-8babd7da-82da-456f-9d48-47de7dc6d3db:7077
========================================
Picked up JAVA_TOOL_OPTIONS: -Xmx1879m
Using Spark's default log4j profile: org/apache/spark/log4j-defaults.properties
21/02/08 00:42:31 INFO Worker: Started daemon with process name: 3111@ws-8babd7da-82da-456f-9d48-47de7dc6d3db
21/02/08 00:42:31 INFO SignalUtils: Registered signal handler for TERM
21/02/08 00:42:31 INFO SignalUtils: Registered signal handler for HUP
21/02/08 00:42:31 INFO SignalUtils: Registered signal handler for INT
WARNING: An illegal reflective access operation has occurred
WARNING: Illegal reflective access by org.apache.spark.unsafe.Platform (file:/workspace/automl/Spark/spark-3.0.1-bin-hadoop2.7/jars/spark-unsafe_2.12-3.0.1.jar) to constructor java.nio.DirectByteBuffer(long,int)
WARNING: Please consider reporting this to the maintainers of org.apache.spark.unsafe.Platform
WARNING: Use --illegal-access=warn to enable warnings of further illegal reflective access operations
WARNING: All illegal access operations will be denied in a future release
21/02/08 00:42:32 WARN NativeCodeLoader: Unable to load native-hadoop library for your platform... using builtin-java classes where applicable
21/02/08 00:42:32 INFO SecurityManager: Changing view acls to: gitpod
21/02/08 00:42:32 INFO SecurityManager: Changing modify acls to: gitpod
21/02/08 00:42:32 INFO SecurityManager: Changing view acls groups to: 
21/02/08 00:42:32 INFO SecurityManager: Changing modify acls groups to: 
21/02/08 00:42:32 INFO SecurityManager: SecurityManager: authentication disabled; ui acls disabled; users  with view permissions: Set(gitpod); groups with view permissions: Set(); users  with modify permissions: Set(gitpod); groups with modify permissions: Set()
21/02/08 00:42:32 INFO Utils: Successfully started service 'sparkWorker' on port 43001.
21/02/08 00:42:32 INFO Worker: Starting Spark worker 10.4.1.89:43001 with 6 cores, 11.0 GiB RAM
21/02/08 00:42:32 INFO Worker: Running Spark version 3.0.1
21/02/08 00:42:32 INFO Worker: Spark home: /workspace/automl/Spark/spark-3.0.1-bin-hadoop2.7
21/02/08 00:42:32 INFO ResourceUtils: ==============================================================
21/02/08 00:42:32 INFO ResourceUtils: Resources for spark.worker:

21/02/08 00:42:32 INFO ResourceUtils: ==============================================================
21/02/08 00:42:32 INFO Utils: Successfully started service 'WorkerUI' on port 8081.
21/02/08 00:42:33 INFO WorkerWebUI: Bound WorkerWebUI to 0.0.0.0, and started at http://ws-8babd7da-82da-456f-9d48-47de7dc6d3db:8081
21/02/08 00:42:33 INFO Worker: Connecting to master ws-8babd7da-82da-456f-9d48-47de7dc6d3db:7077...
21/02/08 00:42:33 INFO TransportClientFactory: Successfully created connection to ws-8babd7da-82da-456f-9d48-47de7dc6d3db/10.4.1.89:7077 after 30 ms (0 ms spent in bootstraps)
21/02/08 00:42:33 INFO Worker: Successfully registered with master spark://ws-8babd7da-82da-456f-9d48-47de7dc6d3db:7077
